  4.cpp
E:\BSU-Labs\ВМА\4 Лаба\4.cpp(14,20): warning C4018: <: несоответствие типов со знаком и без знака
E:\BSU-Labs\ВМА\4 Лаба\4.cpp(47,20): warning C4018: <: несоответствие типов со знаком и без знака
E:\BSU-Labs\ВМА\4 Лаба\4.cpp(49,21): warning C4018: <: несоответствие типов со знаком и без знака
E:\BSU-Labs\ВМА\4 Лаба\4.cpp(51,22): warning C4018: <: несоответствие типов со знаком и без знака
E:\BSU-Labs\ВМА\4 Лаба\4.cpp(81,21): warning C4018: <: несоответствие типов со знаком и без знака
E:\BSU-Labs\ВМА\4 Лаба\4.cpp(83,22): warning C4018: <: несоответствие типов со знаком и без знака
E:\BSU-Labs\ВМА\4 Лаба\4.cpp(96,13): warning C4244: аргумент: преобразование "time_t" в "unsigned int", возможна потеря данных
E:\BSU-Labs\ВМА\4 Лаба\4.cpp(108,21): warning C4018: <: несоответствие типов со знаком и без знака
E:\BSU-Labs\ВМА\4 Лаба\4.cpp(109,22): warning C4018: <: несоответствие типов со знаком и без знака
E:\BSU-Labs\ВМА\4 Лаба\4.cpp(111,33): warning C4244: =: преобразование "int" в "_Ty", возможна потеря данных
E:\BSU-Labs\ВМА\4 Лаба\4.cpp(111,33): warning C4244:         with
E:\BSU-Labs\ВМА\4 Лаба\4.cpp(111,33): warning C4244:         [
E:\BSU-Labs\ВМА\4 Лаба\4.cpp(111,33): warning C4244:             _Ty=float
E:\BSU-Labs\ВМА\4 Лаба\4.cpp(111,33): warning C4244:         ]
E:\BSU-Labs\ВМА\4 Лаба\4.cpp(117,21): warning C4018: <: несоответствие типов со знаком и без знака
E:\BSU-Labs\ВМА\4 Лаба\4.cpp(119,22): warning C4018: <: несоответствие типов со знаком и без знака
E:\BSU-Labs\ВМА\4 Лаба\4.cpp(124,1): warning C4244: +=: преобразование "_Ty" в "int", возможна потеря данных
E:\BSU-Labs\ВМА\4 Лаба\4.cpp(124,1): warning C4244:         with
E:\BSU-Labs\ВМА\4 Лаба\4.cpp(124,1): warning C4244:         [
E:\BSU-Labs\ВМА\4 Лаба\4.cpp(124,1): warning C4244:             _Ty=float
E:\BSU-Labs\ВМА\4 Лаба\4.cpp(124,1): warning C4244:         ]
E:\BSU-Labs\ВМА\4 Лаба\4.cpp(126,29): warning C4244: =: преобразование "int" в "_Ty", возможна потеря данных
E:\BSU-Labs\ВМА\4 Лаба\4.cpp(126,29): warning C4244:         with
E:\BSU-Labs\ВМА\4 Лаба\4.cpp(126,29): warning C4244:         [
E:\BSU-Labs\ВМА\4 Лаба\4.cpp(126,29): warning C4244:             _Ty=float
E:\BSU-Labs\ВМА\4 Лаба\4.cpp(126,29): warning C4244:         ]
E:\BSU-Labs\ВМА\4 Лаба\4.cpp(130,19): warning C4244: аргумент: преобразование "int" в "_Ty", возможна потеря данных
E:\BSU-Labs\ВМА\4 Лаба\4.cpp(130,19): warning C4244:         with
E:\BSU-Labs\ВМА\4 Лаба\4.cpp(130,19): warning C4244:         [
E:\BSU-Labs\ВМА\4 Лаба\4.cpp(130,19): warning C4244:             _Ty=float
E:\BSU-Labs\ВМА\4 Лаба\4.cpp(130,19): warning C4244:         ]
E:\BSU-Labs\ВМА\4 Лаба\4.cpp(140,21): warning C4018: <: несоответствие типов со знаком и без знака
E:\BSU-Labs\ВМА\4 Лаба\4.cpp(162,22): warning C4018: <: несоответствие типов со знаком и без знака
E:\BSU-Labs\ВМА\4 Лаба\4.cpp(164,23): warning C4018: <: несоответствие типов со знаком и без знака
E:\BSU-Labs\ВМА\4 Лаба\4.cpp(203,22): warning C4018: <: несоответствие типов со знаком и без знака
E:\BSU-Labs\ВМА\4 Лаба\4.cpp(208,27): warning C4018: <: несоответствие типов со знаком и без знака
E:\BSU-Labs\ВМА\4 Лаба\4.cpp(237,24): warning C4305: аргумент: усечение из "double" в "float"
  4 Лаба.vcxproj -> E:\BSU-Labs\ВМА\Debug\4 Лаба.exe
