  2.cpp
E:\BSU-Labs\ВМА\2 Лаба\2.cpp(15,20): warning C4018: <: несоответствие типов со знаком и без знака
E:\BSU-Labs\ВМА\2 Лаба\2.cpp(45,20): warning C4018: <: несоответствие типов со знаком и без знака
E:\BSU-Labs\ВМА\2 Лаба\2.cpp(47,21): warning C4018: <: несоответствие типов со знаком и без знака
E:\BSU-Labs\ВМА\2 Лаба\2.cpp(49,22): warning C4018: <: несоответствие типов со знаком и без знака
E:\BSU-Labs\ВМА\2 Лаба\2.cpp(74,13): warning C4244: аргумент: преобразование "time_t" в "unsigned int", возможна потеря данных
E:\BSU-Labs\ВМА\2 Лаба\2.cpp(91,21): warning C4018: <: несоответствие типов со знаком и без знака
E:\BSU-Labs\ВМА\2 Лаба\2.cpp(92,22): warning C4018: <: несоответствие типов со знаком и без знака
E:\BSU-Labs\ВМА\2 Лаба\2.cpp(95,32): warning C4244: =: преобразование "_Ty" в "_Ty", возможна потеря данных
E:\BSU-Labs\ВМА\2 Лаба\2.cpp(95,32): warning C4244:         with
E:\BSU-Labs\ВМА\2 Лаба\2.cpp(95,32): warning C4244:         [
E:\BSU-Labs\ВМА\2 Лаба\2.cpp(95,32): warning C4244:             _Ty=int
E:\BSU-Labs\ВМА\2 Лаба\2.cpp(95,32): warning C4244:         ]
E:\BSU-Labs\ВМА\2 Лаба\2.cpp(95,32): warning C4244:         and
E:\BSU-Labs\ВМА\2 Лаба\2.cpp(95,32): warning C4244:         [
E:\BSU-Labs\ВМА\2 Лаба\2.cpp(95,32): warning C4244:             _Ty=float
E:\BSU-Labs\ВМА\2 Лаба\2.cpp(95,32): warning C4244:         ]
E:\BSU-Labs\ВМА\2 Лаба\2.cpp(96,32): warning C4244: =: преобразование "_Ty" в "_Ty", возможна потеря данных
E:\BSU-Labs\ВМА\2 Лаба\2.cpp(96,32): warning C4244:         with
E:\BSU-Labs\ВМА\2 Лаба\2.cpp(96,32): warning C4244:         [
E:\BSU-Labs\ВМА\2 Лаба\2.cpp(96,32): warning C4244:             _Ty=int
E:\BSU-Labs\ВМА\2 Лаба\2.cpp(96,32): warning C4244:         ]
E:\BSU-Labs\ВМА\2 Лаба\2.cpp(96,32): warning C4244:         and
E:\BSU-Labs\ВМА\2 Лаба\2.cpp(96,32): warning C4244:         [
E:\BSU-Labs\ВМА\2 Лаба\2.cpp(96,32): warning C4244:             _Ty=float
E:\BSU-Labs\ВМА\2 Лаба\2.cpp(96,32): warning C4244:         ]
E:\BSU-Labs\ВМА\2 Лаба\2.cpp(101,1): warning C4244: +=: преобразование "_Ty" в "int", возможна потеря данных
E:\BSU-Labs\ВМА\2 Лаба\2.cpp(101,1): warning C4244:         with
E:\BSU-Labs\ВМА\2 Лаба\2.cpp(101,1): warning C4244:         [
E:\BSU-Labs\ВМА\2 Лаба\2.cpp(101,1): warning C4244:             _Ty=float
E:\BSU-Labs\ВМА\2 Лаба\2.cpp(101,1): warning C4244:         ]
E:\BSU-Labs\ВМА\2 Лаба\2.cpp(116,38): warning C4244: =: преобразование "double" в "_Ty", возможна потеря данных
E:\BSU-Labs\ВМА\2 Лаба\2.cpp(116,38): warning C4244:         with
E:\BSU-Labs\ВМА\2 Лаба\2.cpp(116,38): warning C4244:         [
E:\BSU-Labs\ВМА\2 Лаба\2.cpp(116,38): warning C4244:             _Ty=float
E:\BSU-Labs\ВМА\2 Лаба\2.cpp(116,38): warning C4244:         ]
E:\BSU-Labs\ВМА\2 Лаба\2.cpp(119,21): warning C4018: <: несоответствие типов со знаком и без знака
E:\BSU-Labs\ВМА\2 Лаба\2.cpp(126,19): warning C4244: аргумент: преобразование "int" в "_Ty", возможна потеря данных
E:\BSU-Labs\ВМА\2 Лаба\2.cpp(126,19): warning C4244:         with
E:\BSU-Labs\ВМА\2 Лаба\2.cpp(126,19): warning C4244:         [
E:\BSU-Labs\ВМА\2 Лаба\2.cpp(126,19): warning C4244:             _Ty=float
E:\BSU-Labs\ВМА\2 Лаба\2.cpp(126,19): warning C4244:         ]
E:\BSU-Labs\ВМА\2 Лаба\2.cpp(140,21): warning C4018: <: несоответствие типов со знаком и без знака
E:\BSU-Labs\ВМА\2 Лаба\2.cpp(142,22): warning C4018: <: несоответствие типов со знаком и без знака
E:\BSU-Labs\ВМА\2 Лаба\2.cpp(239,21): warning C4018: <: несоответствие типов со знаком и без знака
E:\BSU-Labs\ВМА\2 Лаба\2.cpp(249,21): warning C4018: <: несоответствие типов со знаком и без знака
E:\BSU-Labs\ВМА\2 Лаба\2.cpp(259,26): warning C4018: <: несоответствие типов со знаком и без знака
E:\BSU-Labs\ВМА\2 Лаба\2.cpp(271,21): warning C4018: <: несоответствие типов со знаком и без знака
  2 Лаба.vcxproj -> E:\BSU-Labs\ВМА\Debug\2 Лаба.exe
