  1.cpp
E:\BSU-Labs\ВМА\1 Лаба\Functions.h(12,23): warning C4018: <: несоответствие типов со знаком и без знака
E:\BSU-Labs\ВМА\1 Лаба\Functions.h(45,23): warning C4018: <: несоответствие типов со знаком и без знака
E:\BSU-Labs\ВМА\1 Лаба\Functions.h(47,27): warning C4018: <: несоответствие типов со знаком и без знака
E:\BSU-Labs\ВМА\1 Лаба\Functions.h(49,31): warning C4018: <: несоответствие типов со знаком и без знака
E:\BSU-Labs\ВМА\1 Лаба\Functions.h(61,23): warning C4018: <: несоответствие типов со знаком и без знака
E:\BSU-Labs\ВМА\1 Лаба\Functions.h(63,27): warning C4018: <: несоответствие типов со знаком и без знака
E:\BSU-Labs\ВМА\1 Лаба\1.cpp(10,13): warning C4244: аргумент: преобразование "time_t" в "unsigned int", возможна потеря данных
E:\BSU-Labs\ВМА\1 Лаба\1.cpp(27,21): warning C4018: <: несоответствие типов со знаком и без знака
E:\BSU-Labs\ВМА\1 Лаба\1.cpp(28,22): warning C4018: <: несоответствие типов со знаком и без знака
E:\BSU-Labs\ВМА\1 Лаба\1.cpp(48,21): warning C4018: <: несоответствие типов со знаком и без знака
E:\BSU-Labs\ВМА\1 Лаба\1.cpp(51,22): warning C4018: <: несоответствие типов со знаком и без знака
E:\BSU-Labs\ВМА\1 Лаба\1.cpp(69,1): error C2664: "std::vector<double,std::allocator<_Ty>> MultMat(std::vector<_Ty,std::allocator<_Ty>>,std::vector<std::vector<_Ty,std::allocator<_Ty>>,std::allocator<std::vector<_Ty,std::allocator<_Ty>>>>)": невозможно преобразовать аргумент 1 из "std::vector<std::vector<double,std::allocator<_Ty>>,std::allocator<std::vector<_Ty,std::allocator<_Ty>>>>" в "std::vector<double,std::allocator<_Ty>>"
E:\BSU-Labs\ВМА\1 Лаба\1.cpp(69,1): error C2664:         with
E:\BSU-Labs\ВМА\1 Лаба\1.cpp(69,1): error C2664:         [
E:\BSU-Labs\ВМА\1 Лаба\1.cpp(69,1): error C2664:             _Ty=double
E:\BSU-Labs\ВМА\1 Лаба\1.cpp(69,1): error C2664:         ]
E:\BSU-Labs\ВМА\1 Лаба\1.cpp(69,19): message : Для выполнения данного преобразования нет доступного оператора преобразования, определенного пользователем, или вызов оператора невозможен
E:\BSU-Labs\ВМА\1 Лаба\Functions.h(58,21): message : см. объявление "MultMat"
E:\BSU-Labs\ВМА\1 Лаба\1.cpp(70,1): error C2664: "std::vector<double,std::allocator<_Ty>> MultMat(std::vector<_Ty,std::allocator<_Ty>>,std::vector<std::vector<_Ty,std::allocator<_Ty>>,std::allocator<std::vector<_Ty,std::allocator<_Ty>>>>)": невозможно преобразовать аргумент 1 из "std::vector<std::vector<double,std::allocator<_Ty>>,std::allocator<std::vector<_Ty,std::allocator<_Ty>>>>" в "std::vector<double,std::allocator<_Ty>>"
E:\BSU-Labs\ВМА\1 Лаба\1.cpp(70,1): error C2664:         with
E:\BSU-Labs\ВМА\1 Лаба\1.cpp(70,1): error C2664:         [
E:\BSU-Labs\ВМА\1 Лаба\1.cpp(70,1): error C2664:             _Ty=double
E:\BSU-Labs\ВМА\1 Лаба\1.cpp(70,1): error C2664:         ]
E:\BSU-Labs\ВМА\1 Лаба\1.cpp(70,19): message : Для выполнения данного преобразования нет доступного оператора преобразования, определенного пользователем, или вызов оператора невозможен
E:\BSU-Labs\ВМА\1 Лаба\Functions.h(58,21): message : см. объявление "MultMat"
