  Source.cpp
E:\BSU-Labs\ВМА\3 Лаба\Source.cpp(14,20): warning C4018: <: несоответствие типов со знаком и без знака
E:\BSU-Labs\ВМА\3 Лаба\Source.cpp(47,20): warning C4018: <: несоответствие типов со знаком и без знака
E:\BSU-Labs\ВМА\3 Лаба\Source.cpp(49,21): warning C4018: <: несоответствие типов со знаком и без знака
E:\BSU-Labs\ВМА\3 Лаба\Source.cpp(51,22): warning C4018: <: несоответствие типов со знаком и без знака
E:\BSU-Labs\ВМА\3 Лаба\Source.cpp(83,13): warning C4244: аргумент: преобразование "time_t" в "unsigned int", возможна потеря данных
E:\BSU-Labs\ВМА\3 Лаба\Source.cpp(88,19): warning C4244: =: преобразование "int" в "_Ty", возможна потеря данных
E:\BSU-Labs\ВМА\3 Лаба\Source.cpp(88,19): warning C4244:         with
E:\BSU-Labs\ВМА\3 Лаба\Source.cpp(88,19): warning C4244:         [
E:\BSU-Labs\ВМА\3 Лаба\Source.cpp(88,19): warning C4244:             _Ty=float
E:\BSU-Labs\ВМА\3 Лаба\Source.cpp(88,19): warning C4244:         ]
E:\BSU-Labs\ВМА\3 Лаба\Source.cpp(88,40): warning C4244: =: преобразование "int" в "_Ty", возможна потеря данных
E:\BSU-Labs\ВМА\3 Лаба\Source.cpp(88,40): warning C4244:         with
E:\BSU-Labs\ВМА\3 Лаба\Source.cpp(88,40): warning C4244:         [
E:\BSU-Labs\ВМА\3 Лаба\Source.cpp(88,40): warning C4244:             _Ty=float
E:\BSU-Labs\ВМА\3 Лаба\Source.cpp(88,40): warning C4244:         ]
E:\BSU-Labs\ВМА\3 Лаба\Source.cpp(94,24): warning C4244: =: преобразование "int" в "_Ty", возможна потеря данных
E:\BSU-Labs\ВМА\3 Лаба\Source.cpp(94,24): warning C4244:         with
E:\BSU-Labs\ВМА\3 Лаба\Source.cpp(94,24): warning C4244:         [
E:\BSU-Labs\ВМА\3 Лаба\Source.cpp(94,24): warning C4244:             _Ty=float
E:\BSU-Labs\ВМА\3 Лаба\Source.cpp(94,24): warning C4244:         ]
E:\BSU-Labs\ВМА\3 Лаба\Source.cpp(95,30): warning C4244: =: преобразование "int" в "_Ty", возможна потеря данных
E:\BSU-Labs\ВМА\3 Лаба\Source.cpp(95,30): warning C4244:         with
E:\BSU-Labs\ВМА\3 Лаба\Source.cpp(95,30): warning C4244:         [
E:\BSU-Labs\ВМА\3 Лаба\Source.cpp(95,30): warning C4244:             _Ty=float
E:\BSU-Labs\ВМА\3 Лаба\Source.cpp(95,30): warning C4244:         ]
E:\BSU-Labs\ВМА\3 Лаба\Source.cpp(96,30): warning C4244: =: преобразование "int" в "_Ty", возможна потеря данных
E:\BSU-Labs\ВМА\3 Лаба\Source.cpp(96,30): warning C4244:         with
E:\BSU-Labs\ВМА\3 Лаба\Source.cpp(96,30): warning C4244:         [
E:\BSU-Labs\ВМА\3 Лаба\Source.cpp(96,30): warning C4244:             _Ty=float
E:\BSU-Labs\ВМА\3 Лаба\Source.cpp(96,30): warning C4244:         ]
E:\BSU-Labs\ВМА\3 Лаба\Source.cpp(97,19): warning C4244: аргумент: преобразование "int" в "_Ty", возможна потеря данных
E:\BSU-Labs\ВМА\3 Лаба\Source.cpp(97,19): warning C4244:         with
E:\BSU-Labs\ВМА\3 Лаба\Source.cpp(97,19): warning C4244:         [
E:\BSU-Labs\ВМА\3 Лаба\Source.cpp(97,19): warning C4244:             _Ty=float
E:\BSU-Labs\ВМА\3 Лаба\Source.cpp(97,19): warning C4244:         ]
E:\BSU-Labs\ВМА\3 Лаба\Source.cpp(100,23): warning C4244: =: преобразование "int" в "_Ty", возможна потеря данных
E:\BSU-Labs\ВМА\3 Лаба\Source.cpp(100,23): warning C4244:         with
E:\BSU-Labs\ВМА\3 Лаба\Source.cpp(100,23): warning C4244:         [
E:\BSU-Labs\ВМА\3 Лаба\Source.cpp(100,23): warning C4244:             _Ty=float
E:\BSU-Labs\ВМА\3 Лаба\Source.cpp(100,23): warning C4244:         ]
E:\BSU-Labs\ВМА\3 Лаба\Source.cpp(101,29): warning C4244: =: преобразование "int" в "_Ty", возможна потеря данных
E:\BSU-Labs\ВМА\3 Лаба\Source.cpp(101,29): warning C4244:         with
E:\BSU-Labs\ВМА\3 Лаба\Source.cpp(101,29): warning C4244:         [
E:\BSU-Labs\ВМА\3 Лаба\Source.cpp(101,29): warning C4244:             _Ty=float
E:\BSU-Labs\ВМА\3 Лаба\Source.cpp(101,29): warning C4244:         ]
E:\BSU-Labs\ВМА\3 Лаба\Source.cpp(102,18): warning C4244: аргумент: преобразование "int" в "_Ty", возможна потеря данных
E:\BSU-Labs\ВМА\3 Лаба\Source.cpp(102,18): warning C4244:         with
E:\BSU-Labs\ВМА\3 Лаба\Source.cpp(102,18): warning C4244:         [
E:\BSU-Labs\ВМА\3 Лаба\Source.cpp(102,18): warning C4244:             _Ty=float
E:\BSU-Labs\ВМА\3 Лаба\Source.cpp(102,18): warning C4244:         ]
E:\BSU-Labs\ВМА\3 Лаба\Source.cpp(113,21): warning C4018: <: несоответствие типов со знаком и без знака
E:\BSU-Labs\ВМА\3 Лаба\Source.cpp(115,22): warning C4018: <: несоответствие типов со знаком и без знака
E:\BSU-Labs\ВМА\3 Лаба\Source.cpp(138,21): warning C4018: <: несоответствие типов со знаком и без знака
  3 Лаба.vcxproj -> E:\BSU-Labs\ВМА\Debug\3 Лаба.exe
